<?xml version="1.0" encoding="UTF-8"?>
<testng-results ignored="0" total="1" passed="1" failed="0" skipped="0">
  <reporter-output>
  </reporter-output>
  <suite started-at="2024-12-09T11:34:12 IST" name="Default suite" finished-at="2024-12-09T11:34:15 IST" duration-ms="3293">
    <groups>
    </groups>
    <test started-at="2024-12-09T11:34:12 IST" name="Default test" finished-at="2024-12-09T11:34:15 IST" duration-ms="3293">
      <class name="com.api.tests.LoginAPITest">
        <test-method signature="loginTest()[pri:0, instance:com.api.tests.LoginAPITest@5824a83d]" started-at="2024-12-09T11:34:12 IST" name="loginTest" description="Verify if login API is working..." finished-at="2024-12-09T11:34:15 IST" duration-ms="3233" status="PASS">
          <reporter-output>
          </reporter-output>
        </test-method> <!-- loginTest -->
      </class> <!-- com.api.tests.LoginAPITest -->
    </test> <!-- Default test -->
  </suite> <!-- Default suite -->
</testng-results>
